<?xml version="1.0" encoding="UTF-8"?>
<!-- Generated by org.testng.reporters.JUnitReportReporter -->
<testsuite hostname="Stock" failures="0" tests="1" name="rest.nagp.assignment.MyTest" time="1.652" errors="0" timestamp="15 Nov 2020 06:39:39 GMT" skipped="0">
  <testcase classname="rest.nagp.assignment.MyTest" name="getText" time="1.652"/>
</testsuite> <!-- rest.nagp.assignment.MyTest -->
